---------------------------------------
Begin Slurm Prolog: Mar-25-2024 23:20:26
Job ID:    560259
User ID:   rwarner31
Account:   ae
Job name:  MLProjectJob
Partition: coc-gpu
---------------------------------------

CommandNotFoundError: Your shell has not been properly configured to use 'conda deactivate'.
To initialize your shell, run

    $ conda init <SHELL_NAME>

Currently supported shells are:
  - bash
  - fish
  - tcsh
  - xonsh
  - zsh
  - powershell

See 'conda init --help' for more information and options.

IMPORTANT: You may need to close and restart your shell after running 'conda init'.


Downloading readme:   0%|          | 0.00/6.39k [00:00<?, ?B/s]Downloading readme: 100%|██████████| 6.39k/6.39k [00:00<00:00, 34.0MB/s]
Downloading data:   0%|          | 0.00/3.22G [00:00<?, ?B/s]Downloading data:   0%|          | 10.5M/3.22G [00:00<03:17, 16.3MB/s]Downloading data:   1%|          | 21.0M/3.22G [00:01<02:36, 20.5MB/s]Downloading data:   1%|          | 31.5M/3.22G [00:01<01:53, 28.1MB/s]Downloading data:   1%|▏         | 41.9M/3.22G [00:01<01:33, 34.1MB/s]Downloading data:   2%|▏         | 52.4M/3.22G [00:01<01:51, 28.5MB/s]Downloading data:   2%|▏         | 73.4M/3.22G [00:02<01:32, 34.2MB/s]Downloading data:   3%|▎         | 83.9M/3.22G [00:02<01:44, 30.0MB/s]Downloading data:   3%|▎         | 105M/3.22G [00:03<01:21, 38.1MB/s] Downloading data:   4%|▎         | 115M/3.22G [00:03<01:29, 34.6MB/s]Downloading data:   4%|▍         | 136M/3.22G [00:04<01:16, 40.3MB/s]Downloading data:   5%|▍         | 147M/3.22G [00:04<01:20, 38.2MB/s]Downloading data:   5%|▌         | 168M/3.22G [00:04<01:20, 38.0MB/s]Downloading data:   6%|▌         | 178M/3.22G [00:05<01:23, 36.2MB/s]Downloading data:   6%|